<?xml version="1.0" encoding="utf-8" standalone="no"?>
<test-results xmlns:xsi="http://www.w3.org/2001/XMLSchema-instance" xsi:noNamespaceSchemaLocation="nunit_schema_2.5.xsd" name="Pester" total="158" errors="0" failures="0" not-run="0" inconclusive="0" ignored="0" skipped="0" invalid="0" date="2024-12-18" time="16:06:04">
  <environment nunit-version="2.5.8.0" platform="Microsoft Windows 11 Enterprise|C:\Windows|\Device\Harddisk0\Partition3" clr-version="8.0.10" cwd="C:\Users\1668\OneDrive - BerryDunn\Repos\TRO\GitHub\PsWinDose" machine-name="BD-CTKKAKANRKV3" user="1668" user-domain="BDMP" os-version="10.0.22631" />
  <culture-info current-culture="en-US" current-uiculture="en-US" />
  <test-suite type="TestFixture" name="Pester" executed="True" result="Success" success="True" time="3.4048" asserts="0" description="Pester">
    <results>
      <test-suite type="TestFixture" name="C:\Users\1668\OneDrive - BerryDunn\Repos\TRO\GitHub\PsWinDose\tests\Module.Tests.ps1" executed="True" result="Success" success="True" time="1.7765" asserts="0" description="C:\Users\1668\OneDrive - BerryDunn\Repos\TRO\GitHub\PsWinDose\tests\Module.Tests.ps1">
        <results>
          <test-suite type="TestFixture" name="PsWinDose Unit Tests" executed="True" result="Success" success="True" time="1.5701" asserts="0" description="PsWinDose Unit Tests">
            <results>
              <test-suite type="TestFixture" name="PsWinDose Unit Tests.Validate Folder Structure" executed="True" result="Success" success="True" time="0.0183" asserts="0" description="PsWinDose Unit Tests.Validate Folder Structure">
                <results>
                  <test-case description="'Tests' folder should exist in project root" name="PsWinDose Unit Tests.Validate Folder Structure.'Tests' folder should exist in project root" time="0.0064" asserts="0" success="True" result="Success" executed="True" />
                  <test-case description="'ReadMe.md' file should exist in project root" name="PsWinDose Unit Tests.Validate Folder Structure.'ReadMe.md' file should exist in project root" time="0.0047" asserts="0" success="True" result="Success" executed="True" />
                  <test-case description="'Public' folder should exist in module root" name="PsWinDose Unit Tests.Validate Folder Structure.'Public' folder should exist in module root" time="0.0037" asserts="0" success="True" result="Success" executed="True" />
                </results>
              </test-suite>
              <test-suite type="TestFixture" name="PsWinDose Unit Tests.Validate PowerShell Code" executed="True" result="Success" success="True" time="0.0321" asserts="0" description="PsWinDose Unit Tests.Validate PowerShell Code">
                <results>
                  <test-case description="Get-PsWinDoseSetting.ps1 should be valid PowerShell" name="PsWinDose Unit Tests.Validate PowerShell Code.Get-PsWinDoseSetting.ps1 should be valid PowerShell" time="0.0104" asserts="0" success="True" result="Success" executed="True" />
                </results>
              </test-suite>
              <test-suite type="TestFixture" name="PsWinDose Unit Tests.Validate PowerShell Code" executed="True" result="Success" success="True" time="0.0412" asserts="0" description="PsWinDose Unit Tests.Validate PowerShell Code">
                <results>
                  <test-case description="Set-WindowStyle.ps1 should be valid PowerShell" name="PsWinDose Unit Tests.Validate PowerShell Code.Set-WindowStyle.ps1 should be valid PowerShell" time="0.0051" asserts="0" success="True" result="Success" executed="True" />
                </results>
              </test-suite>
              <test-suite type="TestFixture" name="PsWinDose Unit Tests.Validate PowerShell Code" executed="True" result="Success" success="True" time="0.0498" asserts="0" description="PsWinDose Unit Tests.Validate PowerShell Code">
                <results>
                  <test-case description="Test-Elevation.ps1 should be valid PowerShell" name="PsWinDose Unit Tests.Validate PowerShell Code.Test-Elevation.ps1 should be valid PowerShell" time="0.0049" asserts="0" success="True" result="Success" executed="True" />
                </results>
              </test-suite>
              <test-suite type="TestFixture" name="PsWinDose Unit Tests.Validate PowerShell Code" executed="True" result="Success" success="True" time="0.0635" asserts="0" description="PsWinDose Unit Tests.Validate PowerShell Code">
                <results>
                  <test-case description="Test-ModuleDependency.ps1 should be valid PowerShell" name="PsWinDose Unit Tests.Validate PowerShell Code.Test-ModuleDependency.ps1 should be valid PowerShell" time="0.0102" asserts="0" success="True" result="Success" executed="True" />
                </results>
              </test-suite>
              <test-suite type="TestFixture" name="PsWinDose Unit Tests.Validate PowerShell Code" executed="True" result="Success" success="True" time="0.0718" asserts="0" description="PsWinDose Unit Tests.Validate PowerShell Code">
                <results>
                  <test-case description="Add-HostsEntry.ps1 should be valid PowerShell" name="PsWinDose Unit Tests.Validate PowerShell Code.Add-HostsEntry.ps1 should be valid PowerShell" time="0.0051" asserts="0" success="True" result="Success" executed="True" />
                </results>
              </test-suite>
              <test-suite type="TestFixture" name="PsWinDose Unit Tests.Validate PowerShell Code" executed="True" result="Success" success="True" time="0.0815" asserts="0" description="PsWinDose Unit Tests.Validate PowerShell Code">
                <results>
                  <test-case description="Add-VsCodeRightClick.ps1 should be valid PowerShell" name="PsWinDose Unit Tests.Validate PowerShell Code.Add-VsCodeRightClick.ps1 should be valid PowerShell" time="0.0057" asserts="0" success="True" result="Success" executed="True" />
                </results>
              </test-suite>
              <test-suite type="TestFixture" name="PsWinDose Unit Tests.Validate PowerShell Code" executed="True" result="Success" success="True" time="0.0967" asserts="0" description="PsWinDose Unit Tests.Validate PowerShell Code">
                <results>
                  <test-case description="Get-CheatSheetBash.ps1 should be valid PowerShell" name="PsWinDose Unit Tests.Validate PowerShell Code.Get-CheatSheetBash.ps1 should be valid PowerShell" time="0.0045" asserts="0" success="True" result="Success" executed="True" />
                </results>
              </test-suite>
              <test-suite type="TestFixture" name="PsWinDose Unit Tests.Validate PowerShell Code" executed="True" result="Success" success="True" time="0.1065" asserts="0" description="PsWinDose Unit Tests.Validate PowerShell Code">
                <results>
                  <test-case description="Get-CheatSheetCmd.ps1 should be valid PowerShell" name="PsWinDose Unit Tests.Validate PowerShell Code.Get-CheatSheetCmd.ps1 should be valid PowerShell" time="0.0056" asserts="0" success="True" result="Success" executed="True" />
                </results>
              </test-suite>
              <test-suite type="TestFixture" name="PsWinDose Unit Tests.Validate PowerShell Code" executed="True" result="Success" success="True" time="0.1203" asserts="0" description="PsWinDose Unit Tests.Validate PowerShell Code">
                <results>
                  <test-case description="Get-CheatSheetIpv4.ps1 should be valid PowerShell" name="PsWinDose Unit Tests.Validate PowerShell Code.Get-CheatSheetIpv4.ps1 should be valid PowerShell" time="0.0055" asserts="0" success="True" result="Success" executed="True" />
                </results>
              </test-suite>
              <test-suite type="TestFixture" name="PsWinDose Unit Tests.Validate PowerShell Code" executed="True" result="Success" success="True" time="0.1308" asserts="0" description="PsWinDose Unit Tests.Validate PowerShell Code">
                <results>
                  <test-case description="Get-CheatSheetIpv6.ps1 should be valid PowerShell" name="PsWinDose Unit Tests.Validate PowerShell Code.Get-CheatSheetIpv6.ps1 should be valid PowerShell" time="0.0066" asserts="0" success="True" result="Success" executed="True" />
                </results>
              </test-suite>
              <test-suite type="TestFixture" name="PsWinDose Unit Tests.Validate PowerShell Code" executed="True" result="Success" success="True" time="0.1408" asserts="0" description="PsWinDose Unit Tests.Validate PowerShell Code">
                <results>
                  <test-case description="Get-CheatSheetPosh.ps1 should be valid PowerShell" name="PsWinDose Unit Tests.Validate PowerShell Code.Get-CheatSheetPosh.ps1 should be valid PowerShell" time="0.0057" asserts="0" success="True" result="Success" executed="True" />
                </results>
              </test-suite>
              <test-suite type="TestFixture" name="PsWinDose Unit Tests.Validate PowerShell Code" executed="True" result="Success" success="True" time="0.1697" asserts="0" description="PsWinDose Unit Tests.Validate PowerShell Code">
                <results>
                  <test-case description="Get-CheatSheetRegEx.ps1 should be valid PowerShell" name="PsWinDose Unit Tests.Validate PowerShell Code.Get-CheatSheetRegEx.ps1 should be valid PowerShell" time="0.0221" asserts="0" success="True" result="Success" executed="True" />
                </results>
              </test-suite>
              <test-suite type="TestFixture" name="PsWinDose Unit Tests.Validate PowerShell Code" executed="True" result="Success" success="True" time="0.1964" asserts="0" description="PsWinDose Unit Tests.Validate PowerShell Code">
                <results>
                  <test-case description="Get-CheatSheetWin.ps1 should be valid PowerShell" name="PsWinDose Unit Tests.Validate PowerShell Code.Get-CheatSheetWin.ps1 should be valid PowerShell" time="0.0161" asserts="0" success="True" result="Success" executed="True" />
                </results>
              </test-suite>
              <test-suite type="TestFixture" name="PsWinDose Unit Tests.Validate PowerShell Code" executed="True" result="Success" success="True" time="0.2152" asserts="0" description="PsWinDose Unit Tests.Validate PowerShell Code">
                <results>
                  <test-case description="Get-CmdletAlias.ps1 should be valid PowerShell" name="PsWinDose Unit Tests.Validate PowerShell Code.Get-CmdletAlias.ps1 should be valid PowerShell" time="0.0139" asserts="0" success="True" result="Success" executed="True" />
                </results>
              </test-suite>
              <test-suite type="TestFixture" name="PsWinDose Unit Tests.Validate PowerShell Code" executed="True" result="Success" success="True" time="0.2325" asserts="0" description="PsWinDose Unit Tests.Validate PowerShell Code">
                <results>
                  <test-case description="Get-ConnectedDC.ps1 should be valid PowerShell" name="PsWinDose Unit Tests.Validate PowerShell Code.Get-ConnectedDC.ps1 should be valid PowerShell" time="0.0072" asserts="0" success="True" result="Success" executed="True" />
                </results>
              </test-suite>
              <test-suite type="TestFixture" name="PsWinDose Unit Tests.Validate PowerShell Code" executed="True" result="Success" success="True" time="0.2447" asserts="0" description="PsWinDose Unit Tests.Validate PowerShell Code">
                <results>
                  <test-case description="Get-ElevationStatus.ps1 should be valid PowerShell" name="PsWinDose Unit Tests.Validate PowerShell Code.Get-ElevationStatus.ps1 should be valid PowerShell" time="0.0074" asserts="0" success="True" result="Success" executed="True" />
                </results>
              </test-suite>
              <test-suite type="TestFixture" name="PsWinDose Unit Tests.Validate PowerShell Code" executed="True" result="Success" success="True" time="0.2565" asserts="0" description="PsWinDose Unit Tests.Validate PowerShell Code">
                <results>
                  <test-case description="Get-FileOwner.ps1 should be valid PowerShell" name="PsWinDose Unit Tests.Validate PowerShell Code.Get-FileOwner.ps1 should be valid PowerShell" time="0.008" asserts="0" success="True" result="Success" executed="True" />
                </results>
              </test-suite>
              <test-suite type="TestFixture" name="PsWinDose Unit Tests.Validate PowerShell Code" executed="True" result="Success" success="True" time="0.2848" asserts="0" description="PsWinDose Unit Tests.Validate PowerShell Code">
                <results>
                  <test-case description="Get-FolderSize.ps1 should be valid PowerShell" name="PsWinDose Unit Tests.Validate PowerShell Code.Get-FolderSize.ps1 should be valid PowerShell" time="0.0233" asserts="0" success="True" result="Success" executed="True" />
                </results>
              </test-suite>
              <test-suite type="TestFixture" name="PsWinDose Unit Tests.Validate PowerShell Code" executed="True" result="Success" success="True" time="0.2981" asserts="0" description="PsWinDose Unit Tests.Validate PowerShell Code">
                <results>
                  <test-case description="Get-HostsFile.ps1 should be valid PowerShell" name="PsWinDose Unit Tests.Validate PowerShell Code.Get-HostsFile.ps1 should be valid PowerShell" time="0.0083" asserts="0" success="True" result="Success" executed="True" />
                </results>
              </test-suite>
              <test-suite type="TestFixture" name="PsWinDose Unit Tests.Validate PowerShell Code" executed="True" result="Success" success="True" time="0.3149" asserts="0" description="PsWinDose Unit Tests.Validate PowerShell Code">
                <results>
                  <test-case description="Get-MsAppBuildVersion.ps1 should be valid PowerShell" name="PsWinDose Unit Tests.Validate PowerShell Code.Get-MsAppBuildVersion.ps1 should be valid PowerShell" time="0.013" asserts="0" success="True" result="Success" executed="True" />
                </results>
              </test-suite>
              <test-suite type="TestFixture" name="PsWinDose Unit Tests.Validate PowerShell Code" executed="True" result="Success" success="True" time="0.3255" asserts="0" description="PsWinDose Unit Tests.Validate PowerShell Code">
                <results>
                  <test-case description="Get-PoshTheme.ps1 should be valid PowerShell" name="PsWinDose Unit Tests.Validate PowerShell Code.Get-PoshTheme.ps1 should be valid PowerShell" time="0.0063" asserts="0" success="True" result="Success" executed="True" />
                </results>
              </test-suite>
              <test-suite type="TestFixture" name="PsWinDose Unit Tests.Validate PowerShell Code" executed="True" result="Success" success="True" time="0.3406" asserts="0" description="PsWinDose Unit Tests.Validate PowerShell Code">
                <results>
                  <test-case description="Get-PSProfile.ps1 should be valid PowerShell" name="PsWinDose Unit Tests.Validate PowerShell Code.Get-PSProfile.ps1 should be valid PowerShell" time="0.0103" asserts="0" success="True" result="Success" executed="True" />
                </results>
              </test-suite>
              <test-suite type="TestFixture" name="PsWinDose Unit Tests.Validate PowerShell Code" executed="True" result="Success" success="True" time="0.3534" asserts="0" description="PsWinDose Unit Tests.Validate PowerShell Code">
                <results>
                  <test-case description="Get-PublicIPAddress.ps1 should be valid PowerShell" name="PsWinDose Unit Tests.Validate PowerShell Code.Get-PublicIPAddress.ps1 should be valid PowerShell" time="0.008" asserts="0" success="True" result="Success" executed="True" />
                </results>
              </test-suite>
              <test-suite type="TestFixture" name="PsWinDose Unit Tests.Validate PowerShell Code" executed="True" result="Success" success="True" time="0.3677" asserts="0" description="PsWinDose Unit Tests.Validate PowerShell Code">
                <results>
                  <test-case description="Get-SystemInfo.ps1 should be valid PowerShell" name="PsWinDose Unit Tests.Validate PowerShell Code.Get-SystemInfo.ps1 should be valid PowerShell" time="0.0079" asserts="0" success="True" result="Success" executed="True" />
                </results>
              </test-suite>
              <test-suite type="TestFixture" name="PsWinDose Unit Tests.Validate PowerShell Code" executed="True" result="Success" success="True" time="0.3809" asserts="0" description="PsWinDose Unit Tests.Validate PowerShell Code">
                <results>
                  <test-case description="Get-SystemUptime.ps1 should be valid PowerShell" name="PsWinDose Unit Tests.Validate PowerShell Code.Get-SystemUptime.ps1 should be valid PowerShell" time="0.0081" asserts="0" success="True" result="Success" executed="True" />
                </results>
              </test-suite>
              <test-suite type="TestFixture" name="PsWinDose Unit Tests.Validate PowerShell Code" executed="True" result="Success" success="True" time="0.396" asserts="0" description="PsWinDose Unit Tests.Validate PowerShell Code">
                <results>
                  <test-case description="Get-WindowsBuildVersion.ps1 should be valid PowerShell" name="PsWinDose Unit Tests.Validate PowerShell Code.Get-WindowsBuildVersion.ps1 should be valid PowerShell" time="0.0111" asserts="0" success="True" result="Success" executed="True" />
                </results>
              </test-suite>
              <test-suite type="TestFixture" name="PsWinDose Unit Tests.Validate PowerShell Code" executed="True" result="Success" success="True" time="0.4113" asserts="0" description="PsWinDose Unit Tests.Validate PowerShell Code">
                <results>
                  <test-case description="Get-WindowsProductKey.ps1 should be valid PowerShell" name="PsWinDose Unit Tests.Validate PowerShell Code.Get-WindowsProductKey.ps1 should be valid PowerShell" time="0.0113" asserts="0" success="True" result="Success" executed="True" />
                </results>
              </test-suite>
              <test-suite type="TestFixture" name="PsWinDose Unit Tests.Validate PowerShell Code" executed="True" result="Success" success="True" time="0.424" asserts="0" description="PsWinDose Unit Tests.Validate PowerShell Code">
                <results>
                  <test-case description="Initialize-PsWinDose.ps1 should be valid PowerShell" name="PsWinDose Unit Tests.Validate PowerShell Code.Initialize-PsWinDose.ps1 should be valid PowerShell" time="0.0084" asserts="0" success="True" result="Success" executed="True" />
                </results>
              </test-suite>
              <test-suite type="TestFixture" name="PsWinDose Unit Tests.Validate PowerShell Code" executed="True" result="Success" success="True" time="0.4407" asserts="0" description="PsWinDose Unit Tests.Validate PowerShell Code">
                <results>
                  <test-case description="Install-PSModule.ps1 should be valid PowerShell" name="PsWinDose Unit Tests.Validate PowerShell Code.Install-PSModule.ps1 should be valid PowerShell" time="0.012" asserts="0" success="True" result="Success" executed="True" />
                </results>
              </test-suite>
              <test-suite type="TestFixture" name="PsWinDose Unit Tests.Validate PowerShell Code" executed="True" result="Success" success="True" time="0.4517" asserts="0" description="PsWinDose Unit Tests.Validate PowerShell Code">
                <results>
                  <test-case description="Install-PSPackageProvider.ps1 should be valid PowerShell" name="PsWinDose Unit Tests.Validate PowerShell Code.Install-PSPackageProvider.ps1 should be valid PowerShell" time="0.0069" asserts="0" success="True" result="Success" executed="True" />
                </results>
              </test-suite>
              <test-suite type="TestFixture" name="PsWinDose Unit Tests.Validate PowerShell Code" executed="True" result="Success" success="True" time="0.4663" asserts="0" description="PsWinDose Unit Tests.Validate PowerShell Code">
                <results>
                  <test-case description="Install-PSProfile.ps1 should be valid PowerShell" name="PsWinDose Unit Tests.Validate PowerShell Code.Install-PSProfile.ps1 should be valid PowerShell" time="0.0111" asserts="0" success="True" result="Success" executed="True" />
                </results>
              </test-suite>
              <test-suite type="TestFixture" name="PsWinDose Unit Tests.Validate PowerShell Code" executed="True" result="Success" success="True" time="0.4775" asserts="0" description="PsWinDose Unit Tests.Validate PowerShell Code">
                <results>
                  <test-case description="Install-Software.ps1 should be valid PowerShell" name="PsWinDose Unit Tests.Validate PowerShell Code.Install-Software.ps1 should be valid PowerShell" time="0.0067" asserts="0" success="True" result="Success" executed="True" />
                </results>
              </test-suite>
              <test-suite type="TestFixture" name="PsWinDose Unit Tests.Validate PowerShell Code" executed="True" result="Success" success="True" time="0.4859" asserts="0" description="PsWinDose Unit Tests.Validate PowerShell Code">
                <results>
                  <test-case description="Install-VSCodeExtension.ps1 should be valid PowerShell" name="PsWinDose Unit Tests.Validate PowerShell Code.Install-VSCodeExtension.ps1 should be valid PowerShell" time="0.0049" asserts="0" success="True" result="Success" executed="True" />
                </results>
              </test-suite>
              <test-suite type="TestFixture" name="PsWinDose Unit Tests.Validate PowerShell Code" executed="True" result="Success" success="True" time="0.5013" asserts="0" description="PsWinDose Unit Tests.Validate PowerShell Code">
                <results>
                  <test-case description="Invoke-TeamsActivity.ps1 should be valid PowerShell" name="PsWinDose Unit Tests.Validate PowerShell Code.Invoke-TeamsActivity.ps1 should be valid PowerShell" time="0.0088" asserts="0" success="True" result="Success" executed="True" />
                </results>
              </test-suite>
              <test-suite type="TestFixture" name="PsWinDose Unit Tests.Validate PowerShell Code" executed="True" result="Success" success="True" time="0.511" asserts="0" description="PsWinDose Unit Tests.Validate PowerShell Code">
                <results>
                  <test-case description="New-BootableUSB.ps1 should be valid PowerShell" name="PsWinDose Unit Tests.Validate PowerShell Code.New-BootableUSB.ps1 should be valid PowerShell" time="0.0057" asserts="0" success="True" result="Success" executed="True" />
                </results>
              </test-suite>
              <test-suite type="TestFixture" name="PsWinDose Unit Tests.Validate PowerShell Code" executed="True" result="Success" success="True" time="0.5216" asserts="0" description="PsWinDose Unit Tests.Validate PowerShell Code">
                <results>
                  <test-case description="Remove-HostsEntry.ps1 should be valid PowerShell" name="PsWinDose Unit Tests.Validate PowerShell Code.Remove-HostsEntry.ps1 should be valid PowerShell" time="0.0047" asserts="0" success="True" result="Success" executed="True" />
                </results>
              </test-suite>
              <test-suite type="TestFixture" name="PsWinDose Unit Tests.Validate PowerShell Code" executed="True" result="Success" success="True" time="0.5316" asserts="0" description="PsWinDose Unit Tests.Validate PowerShell Code">
                <results>
                  <test-case description="Remove-Software.ps1 should be valid PowerShell" name="PsWinDose Unit Tests.Validate PowerShell Code.Remove-Software.ps1 should be valid PowerShell" time="0.0056" asserts="0" success="True" result="Success" executed="True" />
                </results>
              </test-suite>
              <test-suite type="TestFixture" name="PsWinDose Unit Tests.Validate PowerShell Code" executed="True" result="Success" success="True" time="0.5451" asserts="0" description="PsWinDose Unit Tests.Validate PowerShell Code">
                <results>
                  <test-case description="Set-CustomTerminal.ps1 should be valid PowerShell" name="PsWinDose Unit Tests.Validate PowerShell Code.Set-CustomTerminal.ps1 should be valid PowerShell" time="0.0096" asserts="0" success="True" result="Success" executed="True" />
                </results>
              </test-suite>
              <test-suite type="TestFixture" name="PsWinDose Unit Tests.Validate PowerShell Code" executed="True" result="Success" success="True" time="0.5527" asserts="0" description="PsWinDose Unit Tests.Validate PowerShell Code">
                <results>
                  <test-case description="Set-PoshTheme.ps1 should be valid PowerShell" name="PsWinDose Unit Tests.Validate PowerShell Code.Set-PoshTheme.ps1 should be valid PowerShell" time="0.0043" asserts="0" success="True" result="Success" executed="True" />
                </results>
              </test-suite>
              <test-suite type="TestFixture" name="PsWinDose Unit Tests.Validate PowerShell Code" executed="True" result="Success" success="True" time="0.5662" asserts="0" description="PsWinDose Unit Tests.Validate PowerShell Code">
                <results>
                  <test-case description="Start-WindowsSetup.ps1 should be valid PowerShell" name="PsWinDose Unit Tests.Validate PowerShell Code.Start-WindowsSetup.ps1 should be valid PowerShell" time="0.0056" asserts="0" success="True" result="Success" executed="True" />
                </results>
              </test-suite>
              <test-suite type="TestFixture" name="PsWinDose Unit Tests.Validate PowerShell Code" executed="True" result="Success" success="True" time="0.5761" asserts="0" description="PsWinDose Unit Tests.Validate PowerShell Code">
                <results>
                  <test-case description="PsWinDose.psd1 should be valid PowerShell" name="PsWinDose Unit Tests.Validate PowerShell Code.PsWinDose.psd1 should be valid PowerShell" time="0.0058" asserts="0" success="True" result="Success" executed="True" />
                </results>
              </test-suite>
              <test-suite type="TestFixture" name="PsWinDose Unit Tests.Validate PowerShell Code" executed="True" result="Success" success="True" time="0.5874" asserts="0" description="PsWinDose Unit Tests.Validate PowerShell Code">
                <results>
                  <test-case description="PsWinDose.psm1 should be valid PowerShell" name="PsWinDose Unit Tests.Validate PowerShell Code.PsWinDose.psm1 should be valid PowerShell" time="0.0078" asserts="0" success="True" result="Success" executed="True" />
                </results>
              </test-suite>
              <test-suite type="TestFixture" name="PsWinDose Unit Tests.Validate Advanced Functions" executed="True" result="Success" success="True" time="0.6051" asserts="0" description="PsWinDose Unit Tests.Validate Advanced Functions">
                <results>
                  <test-case description="Get-PsWinDoseSetting.ps1 should be an advanced function" name="PsWinDose Unit Tests.Validate Advanced Functions.Get-PsWinDoseSetting.ps1 should be an advanced function" time="0.0094" asserts="0" success="True" result="Success" executed="True" />
                </results>
              </test-suite>
              <test-suite type="TestFixture" name="PsWinDose Unit Tests.Validate Advanced Functions" executed="True" result="Success" success="True" time="0.6212" asserts="0" description="PsWinDose Unit Tests.Validate Advanced Functions">
                <results>
                  <test-case description="Set-WindowStyle.ps1 should be an advanced function" name="PsWinDose Unit Tests.Validate Advanced Functions.Set-WindowStyle.ps1 should be an advanced function" time="0.0102" asserts="0" success="True" result="Success" executed="True" />
                </results>
              </test-suite>
              <test-suite type="TestFixture" name="PsWinDose Unit Tests.Validate Advanced Functions" executed="True" result="Success" success="True" time="0.6433" asserts="0" description="PsWinDose Unit Tests.Validate Advanced Functions">
                <results>
                  <test-case description="Test-Elevation.ps1 should be an advanced function" name="PsWinDose Unit Tests.Validate Advanced Functions.Test-Elevation.ps1 should be an advanced function" time="0.0143" asserts="0" success="True" result="Success" executed="True" />
                </results>
              </test-suite>
              <test-suite type="TestFixture" name="PsWinDose Unit Tests.Validate Advanced Functions" executed="True" result="Success" success="True" time="0.6634" asserts="0" description="PsWinDose Unit Tests.Validate Advanced Functions">
                <results>
                  <test-case description="Test-ModuleDependency.ps1 should be an advanced function" name="PsWinDose Unit Tests.Validate Advanced Functions.Test-ModuleDependency.ps1 should be an advanced function" time="0.015" asserts="0" success="True" result="Success" executed="True" />
                </results>
              </test-suite>
              <test-suite type="TestFixture" name="PsWinDose Unit Tests.Validate Advanced Functions" executed="True" result="Success" success="True" time="0.6811" asserts="0" description="PsWinDose Unit Tests.Validate Advanced Functions">
                <results>
                  <test-case description="Add-HostsEntry.ps1 should be an advanced function" name="PsWinDose Unit Tests.Validate Advanced Functions.Add-HostsEntry.ps1 should be an advanced function" time="0.009" asserts="0" success="True" result="Success" executed="True" />
                </results>
              </test-suite>
              <test-suite type="TestFixture" name="PsWinDose Unit Tests.Validate Advanced Functions" executed="True" result="Success" success="True" time="0.7032" asserts="0" description="PsWinDose Unit Tests.Validate Advanced Functions">
                <results>
                  <test-case description="Add-VsCodeRightClick.ps1 should be an advanced function" name="PsWinDose Unit Tests.Validate Advanced Functions.Add-VsCodeRightClick.ps1 should be an advanced function" time="0.0153" asserts="0" success="True" result="Success" executed="True" />
                </results>
              </test-suite>
              <test-suite type="TestFixture" name="PsWinDose Unit Tests.Validate Advanced Functions" executed="True" result="Success" success="True" time="0.7307" asserts="0" description="PsWinDose Unit Tests.Validate Advanced Functions">
                <results>
                  <test-case description="Get-CheatSheetBash.ps1 should be an advanced function" name="PsWinDose Unit Tests.Validate Advanced Functions.Get-CheatSheetBash.ps1 should be an advanced function" time="0.0197" asserts="0" success="True" result="Success" executed="True" />
                </results>
              </test-suite>
              <test-suite type="TestFixture" name="PsWinDose Unit Tests.Validate Advanced Functions" executed="True" result="Success" success="True" time="0.7547" asserts="0" description="PsWinDose Unit Tests.Validate Advanced Functions">
                <results>
                  <test-case description="Get-CheatSheetCmd.ps1 should be an advanced function" name="PsWinDose Unit Tests.Validate Advanced Functions.Get-CheatSheetCmd.ps1 should be an advanced function" time="0.0174" asserts="0" success="True" result="Success" executed="True" />
                </results>
              </test-suite>
              <test-suite type="TestFixture" name="PsWinDose Unit Tests.Validate Advanced Functions" executed="True" result="Success" success="True" time="0.7854" asserts="0" description="PsWinDose Unit Tests.Validate Advanced Functions">
                <results>
                  <test-case description="Get-CheatSheetIpv4.ps1 should be an advanced function" name="PsWinDose Unit Tests.Validate Advanced Functions.Get-CheatSheetIpv4.ps1 should be an advanced function" time="0.0221" asserts="0" success="True" result="Success" executed="True" />
                </results>
              </test-suite>
              <test-suite type="TestFixture" name="PsWinDose Unit Tests.Validate Advanced Functions" executed="True" result="Success" success="True" time="0.8064" asserts="0" description="PsWinDose Unit Tests.Validate Advanced Functions">
                <results>
                  <test-case description="Get-CheatSheetIpv6.ps1 should be an advanced function" name="PsWinDose Unit Tests.Validate Advanced Functions.Get-CheatSheetIpv6.ps1 should be an advanced function" time="0.0132" asserts="0" success="True" result="Success" executed="True" />
                </results>
              </test-suite>
              <test-suite type="TestFixture" name="PsWinDose Unit Tests.Validate Advanced Functions" executed="True" result="Success" success="True" time="0.837" asserts="0" description="PsWinDose Unit Tests.Validate Advanced Functions">
                <results>
                  <test-case description="Get-CheatSheetPosh.ps1 should be an advanced function" name="PsWinDose Unit Tests.Validate Advanced Functions.Get-CheatSheetPosh.ps1 should be an advanced function" time="0.018" asserts="0" success="True" result="Success" executed="True" />
                </results>
              </test-suite>
              <test-suite type="TestFixture" name="PsWinDose Unit Tests.Validate Advanced Functions" executed="True" result="Success" success="True" time="0.8607" asserts="0" description="PsWinDose Unit Tests.Validate Advanced Functions">
                <results>
                  <test-case description="Get-CheatSheetRegEx.ps1 should be an advanced function" name="PsWinDose Unit Tests.Validate Advanced Functions.Get-CheatSheetRegEx.ps1 should be an advanced function" time="0.017" asserts="0" success="True" result="Success" executed="True" />
                </results>
              </test-suite>
              <test-suite type="TestFixture" name="PsWinDose Unit Tests.Validate Advanced Functions" executed="True" result="Success" success="True" time="0.8785" asserts="0" description="PsWinDose Unit Tests.Validate Advanced Functions">
                <results>
                  <test-case description="Get-CheatSheetWin.ps1 should be an advanced function" name="PsWinDose Unit Tests.Validate Advanced Functions.Get-CheatSheetWin.ps1 should be an advanced function" time="0.0132" asserts="0" success="True" result="Success" executed="True" />
                </results>
              </test-suite>
              <test-suite type="TestFixture" name="PsWinDose Unit Tests.Validate Advanced Functions" executed="True" result="Success" success="True" time="0.8912" asserts="0" description="PsWinDose Unit Tests.Validate Advanced Functions">
                <results>
                  <test-case description="Get-CmdletAlias.ps1 should be an advanced function" name="PsWinDose Unit Tests.Validate Advanced Functions.Get-CmdletAlias.ps1 should be an advanced function" time="0.0075" asserts="0" success="True" result="Success" executed="True" />
                </results>
              </test-suite>
              <test-suite type="TestFixture" name="PsWinDose Unit Tests.Validate Advanced Functions" executed="True" result="Success" success="True" time="0.9062" asserts="0" description="PsWinDose Unit Tests.Validate Advanced Functions">
                <results>
                  <test-case description="Get-ConnectedDC.ps1 should be an advanced function" name="PsWinDose Unit Tests.Validate Advanced Functions.Get-ConnectedDC.ps1 should be an advanced function" time="0.0074" asserts="0" success="True" result="Success" executed="True" />
                </results>
              </test-suite>
              <test-suite type="TestFixture" name="PsWinDose Unit Tests.Validate Advanced Functions" executed="True" result="Success" success="True" time="0.9224" asserts="0" description="PsWinDose Unit Tests.Validate Advanced Functions">
                <results>
                  <test-case description="Get-ElevationStatus.ps1 should be an advanced function" name="PsWinDose Unit Tests.Validate Advanced Functions.Get-ElevationStatus.ps1 should be an advanced function" time="0.0112" asserts="0" success="True" result="Success" executed="True" />
                </results>
              </test-suite>
              <test-suite type="TestFixture" name="PsWinDose Unit Tests.Validate Advanced Functions" executed="True" result="Success" success="True" time="0.9422" asserts="0" description="PsWinDose Unit Tests.Validate Advanced Functions">
                <results>
                  <test-case description="Get-FileOwner.ps1 should be an advanced function" name="PsWinDose Unit Tests.Validate Advanced Functions.Get-FileOwner.ps1 should be an advanced function" time="0.0133" asserts="0" success="True" result="Success" executed="True" />
                </results>
              </test-suite>
              <test-suite type="TestFixture" name="PsWinDose Unit Tests.Validate Advanced Functions" executed="True" result="Success" success="True" time="0.9546" asserts="0" description="PsWinDose Unit Tests.Validate Advanced Functions">
                <results>
                  <test-case description="Get-FolderSize.ps1 should be an advanced function" name="PsWinDose Unit Tests.Validate Advanced Functions.Get-FolderSize.ps1 should be an advanced function" time="0.0071" asserts="0" success="True" result="Success" executed="True" />
                </results>
              </test-suite>
              <test-suite type="TestFixture" name="PsWinDose Unit Tests.Validate Advanced Functions" executed="True" result="Success" success="True" time="0.9716" asserts="0" description="PsWinDose Unit Tests.Validate Advanced Functions">
                <results>
                  <test-case description="Get-HostsFile.ps1 should be an advanced function" name="PsWinDose Unit Tests.Validate Advanced Functions.Get-HostsFile.ps1 should be an advanced function" time="0.0124" asserts="0" success="True" result="Success" executed="True" />
                </results>
              </test-suite>
              <test-suite type="TestFixture" name="PsWinDose Unit Tests.Validate Advanced Functions" executed="True" result="Success" success="True" time="0.9891" asserts="0" description="PsWinDose Unit Tests.Validate Advanced Functions">
                <results>
                  <test-case description="Get-MsAppBuildVersion.ps1 should be an advanced function" name="PsWinDose Unit Tests.Validate Advanced Functions.Get-MsAppBuildVersion.ps1 should be an advanced function" time="0.0116" asserts="0" success="True" result="Success" executed="True" />
                </results>
              </test-suite>
              <test-suite type="TestFixture" name="PsWinDose Unit Tests.Validate Advanced Functions" executed="True" result="Success" success="True" time="1.0044" asserts="0" description="PsWinDose Unit Tests.Validate Advanced Functions">
                <results>
                  <test-case description="Get-PoshTheme.ps1 should be an advanced function" name="PsWinDose Unit Tests.Validate Advanced Functions.Get-PoshTheme.ps1 should be an advanced function" time="0.0093" asserts="0" success="True" result="Success" executed="True" />
                </results>
              </test-suite>
              <test-suite type="TestFixture" name="PsWinDose Unit Tests.Validate Advanced Functions" executed="True" result="Success" success="True" time="1.027" asserts="0" description="PsWinDose Unit Tests.Validate Advanced Functions">
                <results>
                  <test-case description="Get-PSProfile.ps1 should be an advanced function" name="PsWinDose Unit Tests.Validate Advanced Functions.Get-PSProfile.ps1 should be an advanced function" time="0.0174" asserts="0" success="True" result="Success" executed="True" />
                </results>
              </test-suite>
              <test-suite type="TestFixture" name="PsWinDose Unit Tests.Validate Advanced Functions" executed="True" result="Success" success="True" time="1.0433" asserts="0" description="PsWinDose Unit Tests.Validate Advanced Functions">
                <results>
                  <test-case description="Get-PublicIPAddress.ps1 should be an advanced function" name="PsWinDose Unit Tests.Validate Advanced Functions.Get-PublicIPAddress.ps1 should be an advanced function" time="0.0113" asserts="0" success="True" result="Success" executed="True" />
                </results>
              </test-suite>
              <test-suite type="TestFixture" name="PsWinDose Unit Tests.Validate Advanced Functions" executed="True" result="Success" success="True" time="1.0625" asserts="0" description="PsWinDose Unit Tests.Validate Advanced Functions">
                <results>
                  <test-case description="Get-SystemInfo.ps1 should be an advanced function" name="PsWinDose Unit Tests.Validate Advanced Functions.Get-SystemInfo.ps1 should be an advanced function" time="0.0147" asserts="0" success="True" result="Success" executed="True" />
                </results>
              </test-suite>
              <test-suite type="TestFixture" name="PsWinDose Unit Tests.Validate Advanced Functions" executed="True" result="Success" success="True" time="1.0764" asserts="0" description="PsWinDose Unit Tests.Validate Advanced Functions">
                <results>
                  <test-case description="Get-SystemUptime.ps1 should be an advanced function" name="PsWinDose Unit Tests.Validate Advanced Functions.Get-SystemUptime.ps1 should be an advanced function" time="0.0087" asserts="0" success="True" result="Success" executed="True" />
                </results>
              </test-suite>
              <test-suite type="TestFixture" name="PsWinDose Unit Tests.Validate Advanced Functions" executed="True" result="Success" success="True" time="1.0991" asserts="0" description="PsWinDose Unit Tests.Validate Advanced Functions">
                <results>
                  <test-case description="Get-WindowsBuildVersion.ps1 should be an advanced function" name="PsWinDose Unit Tests.Validate Advanced Functions.Get-WindowsBuildVersion.ps1 should be an advanced function" time="0.0172" asserts="0" success="True" result="Success" executed="True" />
                </results>
              </test-suite>
              <test-suite type="TestFixture" name="PsWinDose Unit Tests.Validate Advanced Functions" executed="True" result="Success" success="True" time="1.1249" asserts="0" description="PsWinDose Unit Tests.Validate Advanced Functions">
                <results>
                  <test-case description="Get-WindowsProductKey.ps1 should be an advanced function" name="PsWinDose Unit Tests.Validate Advanced Functions.Get-WindowsProductKey.ps1 should be an advanced function" time="0.0193" asserts="0" success="True" result="Success" executed="True" />
                </results>
              </test-suite>
              <test-suite type="TestFixture" name="PsWinDose Unit Tests.Validate Advanced Functions" executed="True" result="Success" success="True" time="1.148" asserts="0" description="PsWinDose Unit Tests.Validate Advanced Functions">
                <results>
                  <test-case description="Initialize-PsWinDose.ps1 should be an advanced function" name="PsWinDose Unit Tests.Validate Advanced Functions.Initialize-PsWinDose.ps1 should be an advanced function" time="0.0093" asserts="0" success="True" result="Success" executed="True" />
                </results>
              </test-suite>
              <test-suite type="TestFixture" name="PsWinDose Unit Tests.Validate Advanced Functions" executed="True" result="Success" success="True" time="1.1644" asserts="0" description="PsWinDose Unit Tests.Validate Advanced Functions">
                <results>
                  <test-case description="Install-PSModule.ps1 should be an advanced function" name="PsWinDose Unit Tests.Validate Advanced Functions.Install-PSModule.ps1 should be an advanced function" time="0.0121" asserts="0" success="True" result="Success" executed="True" />
                </results>
              </test-suite>
              <test-suite type="TestFixture" name="PsWinDose Unit Tests.Validate Advanced Functions" executed="True" result="Success" success="True" time="1.1876" asserts="0" description="PsWinDose Unit Tests.Validate Advanced Functions">
                <results>
                  <test-case description="Install-PSPackageProvider.ps1 should be an advanced function" name="PsWinDose Unit Tests.Validate Advanced Functions.Install-PSPackageProvider.ps1 should be an advanced function" time="0.0188" asserts="0" success="True" result="Success" executed="True" />
                </results>
              </test-suite>
              <test-suite type="TestFixture" name="PsWinDose Unit Tests.Validate Advanced Functions" executed="True" result="Success" success="True" time="1.2112" asserts="0" description="PsWinDose Unit Tests.Validate Advanced Functions">
                <results>
                  <test-case description="Install-PSProfile.ps1 should be an advanced function" name="PsWinDose Unit Tests.Validate Advanced Functions.Install-PSProfile.ps1 should be an advanced function" time="0.0168" asserts="0" success="True" result="Success" executed="True" />
                </results>
              </test-suite>
              <test-suite type="TestFixture" name="PsWinDose Unit Tests.Validate Advanced Functions" executed="True" result="Success" success="True" time="1.2403" asserts="0" description="PsWinDose Unit Tests.Validate Advanced Functions">
                <results>
                  <test-case description="Install-Software.ps1 should be an advanced function" name="PsWinDose Unit Tests.Validate Advanced Functions.Install-Software.ps1 should be an advanced function" time="0.0226" asserts="0" success="True" result="Success" executed="True" />
                </results>
              </test-suite>
              <test-suite type="TestFixture" name="PsWinDose Unit Tests.Validate Advanced Functions" executed="True" result="Success" success="True" time="1.2557" asserts="0" description="PsWinDose Unit Tests.Validate Advanced Functions">
                <results>
                  <test-case description="Install-VSCodeExtension.ps1 should be an advanced function" name="PsWinDose Unit Tests.Validate Advanced Functions.Install-VSCodeExtension.ps1 should be an advanced function" time="0.0094" asserts="0" success="True" result="Success" executed="True" />
                </results>
              </test-suite>
              <test-suite type="TestFixture" name="PsWinDose Unit Tests.Validate Advanced Functions" executed="True" result="Success" success="True" time="1.2848" asserts="0" description="PsWinDose Unit Tests.Validate Advanced Functions">
                <results>
                  <test-case description="Invoke-TeamsActivity.ps1 should be an advanced function" name="PsWinDose Unit Tests.Validate Advanced Functions.Invoke-TeamsActivity.ps1 should be an advanced function" time="0.0227" asserts="0" success="True" result="Success" executed="True" />
                </results>
              </test-suite>
              <test-suite type="TestFixture" name="PsWinDose Unit Tests.Validate Advanced Functions" executed="True" result="Success" success="True" time="1.3112" asserts="0" description="PsWinDose Unit Tests.Validate Advanced Functions">
                <results>
                  <test-case description="New-BootableUSB.ps1 should be an advanced function" name="PsWinDose Unit Tests.Validate Advanced Functions.New-BootableUSB.ps1 should be an advanced function" time="0.013" asserts="0" success="True" result="Success" executed="True" />
                </results>
              </test-suite>
              <test-suite type="TestFixture" name="PsWinDose Unit Tests.Validate Advanced Functions" executed="True" result="Success" success="True" time="1.3256" asserts="0" description="PsWinDose Unit Tests.Validate Advanced Functions">
                <results>
                  <test-case description="Remove-HostsEntry.ps1 should be an advanced function" name="PsWinDose Unit Tests.Validate Advanced Functions.Remove-HostsEntry.ps1 should be an advanced function" time="0.0093" asserts="0" success="True" result="Success" executed="True" />
                </results>
              </test-suite>
              <test-suite type="TestFixture" name="PsWinDose Unit Tests.Validate Advanced Functions" executed="True" result="Success" success="True" time="1.3507" asserts="0" description="PsWinDose Unit Tests.Validate Advanced Functions">
                <results>
                  <test-case description="Remove-Software.ps1 should be an advanced function" name="PsWinDose Unit Tests.Validate Advanced Functions.Remove-Software.ps1 should be an advanced function" time="0.0194" asserts="0" success="True" result="Success" executed="True" />
                </results>
              </test-suite>
              <test-suite type="TestFixture" name="PsWinDose Unit Tests.Validate Advanced Functions" executed="True" result="Success" success="True" time="1.3788" asserts="0" description="PsWinDose Unit Tests.Validate Advanced Functions">
                <results>
                  <test-case description="Set-CustomTerminal.ps1 should be an advanced function" name="PsWinDose Unit Tests.Validate Advanced Functions.Set-CustomTerminal.ps1 should be an advanced function" time="0.0201" asserts="0" success="True" result="Success" executed="True" />
                </results>
              </test-suite>
              <test-suite type="TestFixture" name="PsWinDose Unit Tests.Validate Advanced Functions" executed="True" result="Success" success="True" time="1.4004" asserts="0" description="PsWinDose Unit Tests.Validate Advanced Functions">
                <results>
                  <test-case description="Set-PoshTheme.ps1 should be an advanced function" name="PsWinDose Unit Tests.Validate Advanced Functions.Set-PoshTheme.ps1 should be an advanced function" time="0.0171" asserts="0" success="True" result="Success" executed="True" />
                </results>
              </test-suite>
              <test-suite type="TestFixture" name="PsWinDose Unit Tests.Validate Advanced Functions" executed="True" result="Success" success="True" time="1.422" asserts="0" description="PsWinDose Unit Tests.Validate Advanced Functions">
                <results>
                  <test-case description="Start-WindowsSetup.ps1 should be an advanced function" name="PsWinDose Unit Tests.Validate Advanced Functions.Start-WindowsSetup.ps1 should be an advanced function" time="0.0112" asserts="0" success="True" result="Success" executed="True" />
                </results>
              </test-suite>
              <test-suite type="TestFixture" name="PsWinDose Unit Tests.Validate Module" executed="True" result="Success" success="True" time="1.567" asserts="0" description="PsWinDose Unit Tests.Validate Module">
                <results>
                  <test-case description="Should have a valid manifest file" name="PsWinDose Unit Tests.Validate Module.Should have a valid manifest file" time="0.0941" asserts="0" success="True" result="Success" executed="True" />
                  <test-case description="Module should import cleanly" name="PsWinDose Unit Tests.Validate Module.Module should import cleanly" time="0.0423" asserts="0" success="True" result="Success" executed="True" />
                  <test-case description="'Public' folder should exist in module root" name="PsWinDose Unit Tests.Validate Module.'Public' folder should exist in module root" time="0.004" asserts="0" success="True" result="Success" executed="True" />
                </results>
              </test-suite>
            </results>
          </test-suite>
        </results>
      </test-suite>
      <test-suite type="TestFixture" name="C:\Users\1668\OneDrive - BerryDunn\Repos\TRO\GitHub\PsWinDose\tests\PSSA.Tests.ps1" executed="True" result="Success" success="True" time="1.6283" asserts="0" description="C:\Users\1668\OneDrive - BerryDunn\Repos\TRO\GitHub\PsWinDose\tests\PSSA.Tests.ps1">
        <results>
          <test-suite type="TestFixture" name="PsWinDose PSScriptAnalyzer" executed="True" result="Success" success="True" time="0.0178" asserts="0" description="PsWinDose PSScriptAnalyzer">
            <results>
              <test-suite type="TestFixture" name="PsWinDose PSScriptAnalyzer.Standard PSSA Rules" executed="True" result="Success" success="True" time="0.0126" asserts="0" description="PsWinDose PSScriptAnalyzer.Standard PSSA Rules">
                <results>
                  <test-case description="Should pass PSAlignAssignmentStatement" name="PsWinDose PSScriptAnalyzer.Standard PSSA Rules.Should pass PSAlignAssignmentStatement" time="0.0089" asserts="0" success="True" result="Success" executed="True" />
                </results>
              </test-suite>
            </results>
          </test-suite>
          <test-suite type="TestFixture" name="PsWinDose PSScriptAnalyzer" executed="True" result="Success" success="True" time="0.0332" asserts="0" description="PsWinDose PSScriptAnalyzer">
            <results>
              <test-suite type="TestFixture" name="PsWinDose PSScriptAnalyzer.Standard PSSA Rules" executed="True" result="Success" success="True" time="0.012" asserts="0" description="PsWinDose PSScriptAnalyzer.Standard PSSA Rules">
                <results>
                  <test-case description="Should pass PSAvoidUsingCmdletAliases" name="PsWinDose PSScriptAnalyzer.Standard PSSA Rules.Should pass PSAvoidUsingCmdletAliases" time="0.0081" asserts="0" success="True" result="Success" executed="True" />
                </results>
              </test-suite>
            </results>
          </test-suite>
          <test-suite type="TestFixture" name="PsWinDose PSScriptAnalyzer" executed="True" result="Success" success="True" time="0.0431" asserts="0" description="PsWinDose PSScriptAnalyzer">
            <results>
              <test-suite type="TestFixture" name="PsWinDose PSScriptAnalyzer.Standard PSSA Rules" executed="True" result="Success" success="True" time="0.0067" asserts="0" description="PsWinDose PSScriptAnalyzer.Standard PSSA Rules">
                <results>
                  <test-case description="Should pass PSAvoidAssignmentToAutomaticVariable" name="PsWinDose PSScriptAnalyzer.Standard PSSA Rules.Should pass PSAvoidAssignmentToAutomaticVariable" time="0.0036" asserts="0" success="True" result="Success" executed="True" />
                </results>
              </test-suite>
            </results>
          </test-suite>
          <test-suite type="TestFixture" name="PsWinDose PSScriptAnalyzer" executed="True" result="Success" success="True" time="0.0543" asserts="0" description="PsWinDose PSScriptAnalyzer">
            <results>
              <test-suite type="TestFixture" name="PsWinDose PSScriptAnalyzer.Standard PSSA Rules" executed="True" result="Success" success="True" time="0.0074" asserts="0" description="PsWinDose PSScriptAnalyzer.Standard PSSA Rules">
                <results>
                  <test-case description="Should pass PSAvoidDefaultValueSwitchParameter" name="PsWinDose PSScriptAnalyzer.Standard PSSA Rules.Should pass PSAvoidDefaultValueSwitchParameter" time="0.0043" asserts="0" success="True" result="Success" executed="True" />
                </results>
              </test-suite>
            </results>
          </test-suite>
          <test-suite type="TestFixture" name="PsWinDose PSScriptAnalyzer" executed="True" result="Success" success="True" time="0.0778" asserts="0" description="PsWinDose PSScriptAnalyzer">
            <results>
              <test-suite type="TestFixture" name="PsWinDose PSScriptAnalyzer.Standard PSSA Rules" executed="True" result="Success" success="True" time="0.0201" asserts="0" description="PsWinDose PSScriptAnalyzer.Standard PSSA Rules">
                <results>
                  <test-case description="Should pass PSAvoidDefaultValueForMandatoryParameter" name="PsWinDose PSScriptAnalyzer.Standard PSSA Rules.Should pass PSAvoidDefaultValueForMandatoryParameter" time="0.0167" asserts="0" success="True" result="Success" executed="True" />
                </results>
              </test-suite>
            </results>
          </test-suite>
          <test-suite type="TestFixture" name="PsWinDose PSScriptAnalyzer" executed="True" result="Success" success="True" time="0.0896" asserts="0" description="PsWinDose PSScriptAnalyzer">
            <results>
              <test-suite type="TestFixture" name="PsWinDose PSScriptAnalyzer.Standard PSSA Rules" executed="True" result="Success" success="True" time="0.0085" asserts="0" description="PsWinDose PSScriptAnalyzer.Standard PSSA Rules">
                <results>
                  <test-case description="Should pass PSAvoidUsingEmptyCatchBlock" name="PsWinDose PSScriptAnalyzer.Standard PSSA Rules.Should pass PSAvoidUsingEmptyCatchBlock" time="0.0045" asserts="0" success="True" result="Success" executed="True" />
                </results>
              </test-suite>
            </results>
          </test-suite>
          <test-suite type="TestFixture" name="PsWinDose PSScriptAnalyzer" executed="True" result="Success" success="True" time="0.1043" asserts="0" description="PsWinDose PSScriptAnalyzer">
            <results>
              <test-suite type="TestFixture" name="PsWinDose PSScriptAnalyzer.Standard PSSA Rules" executed="True" result="Success" success="True" time="0.0115" asserts="0" description="PsWinDose PSScriptAnalyzer.Standard PSSA Rules">
                <results>
                  <test-case description="Should pass PSAvoidExclaimOperator" name="PsWinDose PSScriptAnalyzer.Standard PSSA Rules.Should pass PSAvoidExclaimOperator" time="0.0044" asserts="0" success="True" result="Success" executed="True" />
                </results>
              </test-suite>
            </results>
          </test-suite>
          <test-suite type="TestFixture" name="PsWinDose PSScriptAnalyzer" executed="True" result="Success" success="True" time="0.1182" asserts="0" description="PsWinDose PSScriptAnalyzer">
            <results>
              <test-suite type="TestFixture" name="PsWinDose PSScriptAnalyzer.Standard PSSA Rules" executed="True" result="Success" success="True" time="0.0099" asserts="0" description="PsWinDose PSScriptAnalyzer.Standard PSSA Rules">
                <results>
                  <test-case description="Should pass PSAvoidGlobalAliases" name="PsWinDose PSScriptAnalyzer.Standard PSSA Rules.Should pass PSAvoidGlobalAliases" time="0.0046" asserts="0" success="True" result="Success" executed="True" />
                </results>
              </test-suite>
            </results>
          </test-suite>
          <test-suite type="TestFixture" name="PsWinDose PSScriptAnalyzer" executed="True" result="Success" success="True" time="0.1344" asserts="0" description="PsWinDose PSScriptAnalyzer">
            <results>
              <test-suite type="TestFixture" name="PsWinDose PSScriptAnalyzer.Standard PSSA Rules" executed="True" result="Success" success="True" time="0.0084" asserts="0" description="PsWinDose PSScriptAnalyzer.Standard PSSA Rules">
                <results>
                  <test-case description="Should pass PSAvoidGlobalFunctions" name="PsWinDose PSScriptAnalyzer.Standard PSSA Rules.Should pass PSAvoidGlobalFunctions" time="0.0046" asserts="0" success="True" result="Success" executed="True" />
                </results>
              </test-suite>
            </results>
          </test-suite>
          <test-suite type="TestFixture" name="PsWinDose PSScriptAnalyzer" executed="True" result="Success" success="True" time="0.1451" asserts="0" description="PsWinDose PSScriptAnalyzer">
            <results>
              <test-suite type="TestFixture" name="PsWinDose PSScriptAnalyzer.Standard PSSA Rules" executed="True" result="Success" success="True" time="0.0073" asserts="0" description="PsWinDose PSScriptAnalyzer.Standard PSSA Rules">
                <results>
                  <test-case description="Should pass PSAvoidGlobalVars" name="PsWinDose PSScriptAnalyzer.Standard PSSA Rules.Should pass PSAvoidGlobalVars" time="0.0041" asserts="0" success="True" result="Success" executed="True" />
                </results>
              </test-suite>
            </results>
          </test-suite>
          <test-suite type="TestFixture" name="PsWinDose PSScriptAnalyzer" executed="True" result="Success" success="True" time="0.1568" asserts="0" description="PsWinDose PSScriptAnalyzer">
            <results>
              <test-suite type="TestFixture" name="PsWinDose PSScriptAnalyzer.Standard PSSA Rules" executed="True" result="Success" success="True" time="0.0075" asserts="0" description="PsWinDose PSScriptAnalyzer.Standard PSSA Rules">
                <results>
                  <test-case description="Should pass PSAvoidInvokingEmptyMembers" name="PsWinDose PSScriptAnalyzer.Standard PSSA Rules.Should pass PSAvoidInvokingEmptyMembers" time="0.0036" asserts="0" success="True" result="Success" executed="True" />
                </results>
              </test-suite>
            </results>
          </test-suite>
          <test-suite type="TestFixture" name="PsWinDose PSScriptAnalyzer" executed="True" result="Success" success="True" time="0.1712" asserts="0" description="PsWinDose PSScriptAnalyzer">
            <results>
              <test-suite type="TestFixture" name="PsWinDose PSScriptAnalyzer.Standard PSSA Rules" executed="True" result="Success" success="True" time="0.0087" asserts="0" description="PsWinDose PSScriptAnalyzer.Standard PSSA Rules">
                <results>
                  <test-case description="Should pass PSAvoidLongLines" name="PsWinDose PSScriptAnalyzer.Standard PSSA Rules.Should pass PSAvoidLongLines" time="0.0048" asserts="0" success="True" result="Success" executed="True" />
                </results>
              </test-suite>
            </results>
          </test-suite>
          <test-suite type="TestFixture" name="PsWinDose PSScriptAnalyzer" executed="True" result="Success" success="True" time="0.1819" asserts="0" description="PsWinDose PSScriptAnalyzer">
            <results>
              <test-suite type="TestFixture" name="PsWinDose PSScriptAnalyzer.Standard PSSA Rules" executed="True" result="Success" success="True" time="0.007" asserts="0" description="PsWinDose PSScriptAnalyzer.Standard PSSA Rules">
                <results>
                  <test-case description="Should pass PSAvoidMultipleTypeAttributes" name="PsWinDose PSScriptAnalyzer.Standard PSSA Rules.Should pass PSAvoidMultipleTypeAttributes" time="0.0037" asserts="0" success="True" result="Success" executed="True" />
                </results>
              </test-suite>
            </results>
          </test-suite>
          <test-suite type="TestFixture" name="PsWinDose PSScriptAnalyzer" executed="True" result="Success" success="True" time="0.1954" asserts="0" description="PsWinDose PSScriptAnalyzer">
            <results>
              <test-suite type="TestFixture" name="PsWinDose PSScriptAnalyzer.Standard PSSA Rules" executed="True" result="Success" success="True" time="0.0101" asserts="0" description="PsWinDose PSScriptAnalyzer.Standard PSSA Rules">
                <results>
                  <test-case description="Should pass PSAvoidNullOrEmptyHelpMessageAttribute" name="PsWinDose PSScriptAnalyzer.Standard PSSA Rules.Should pass PSAvoidNullOrEmptyHelpMessageAttribute" time="0.0038" asserts="0" success="True" result="Success" executed="True" />
                </results>
              </test-suite>
            </results>
          </test-suite>
          <test-suite type="TestFixture" name="PsWinDose PSScriptAnalyzer" executed="True" result="Success" success="True" time="0.2066" asserts="0" description="PsWinDose PSScriptAnalyzer">
            <results>
              <test-suite type="TestFixture" name="PsWinDose PSScriptAnalyzer.Standard PSSA Rules" executed="True" result="Success" success="True" time="0.0077" asserts="0" description="PsWinDose PSScriptAnalyzer.Standard PSSA Rules">
                <results>
                  <test-case description="Should pass PSAvoidOverwritingBuiltInCmdlets" name="PsWinDose PSScriptAnalyzer.Standard PSSA Rules.Should pass PSAvoidOverwritingBuiltInCmdlets" time="0.0042" asserts="0" success="True" result="Success" executed="True" />
                </results>
              </test-suite>
            </results>
          </test-suite>
          <test-suite type="TestFixture" name="PsWinDose PSScriptAnalyzer" executed="True" result="Success" success="True" time="0.2218" asserts="0" description="PsWinDose PSScriptAnalyzer">
            <results>
              <test-suite type="TestFixture" name="PsWinDose PSScriptAnalyzer.Standard PSSA Rules" executed="True" result="Success" success="True" time="0.012" asserts="0" description="PsWinDose PSScriptAnalyzer.Standard PSSA Rules">
                <results>
                  <test-case description="Should pass PSAvoidUsingPositionalParameters" name="PsWinDose PSScriptAnalyzer.Standard PSSA Rules.Should pass PSAvoidUsingPositionalParameters" time="0.0082" asserts="0" success="True" result="Success" executed="True" />
                </results>
              </test-suite>
            </results>
          </test-suite>
          <test-suite type="TestFixture" name="PsWinDose PSScriptAnalyzer" executed="True" result="Success" success="True" time="0.2336" asserts="0" description="PsWinDose PSScriptAnalyzer">
            <results>
              <test-suite type="TestFixture" name="PsWinDose PSScriptAnalyzer.Standard PSSA Rules" executed="True" result="Success" success="True" time="0.0082" asserts="0" description="PsWinDose PSScriptAnalyzer.Standard PSSA Rules">
                <results>
                  <test-case description="Should pass PSReservedCmdletChar" name="PsWinDose PSScriptAnalyzer.Standard PSSA Rules.Should pass PSReservedCmdletChar" time="0.0038" asserts="0" success="True" result="Success" executed="True" />
                </results>
              </test-suite>
            </results>
          </test-suite>
          <test-suite type="TestFixture" name="PsWinDose PSScriptAnalyzer" executed="True" result="Success" success="True" time="0.2481" asserts="0" description="PsWinDose PSScriptAnalyzer">
            <results>
              <test-suite type="TestFixture" name="PsWinDose PSScriptAnalyzer.Standard PSSA Rules" executed="True" result="Success" success="True" time="0.011" asserts="0" description="PsWinDose PSScriptAnalyzer.Standard PSSA Rules">
                <results>
                  <test-case description="Should pass PSReservedParams" name="PsWinDose PSScriptAnalyzer.Standard PSSA Rules.Should pass PSReservedParams" time="0.0075" asserts="0" success="True" result="Success" executed="True" />
                </results>
              </test-suite>
            </results>
          </test-suite>
          <test-suite type="TestFixture" name="PsWinDose PSScriptAnalyzer" executed="True" result="Success" success="True" time="0.2598" asserts="0" description="PsWinDose PSScriptAnalyzer">
            <results>
              <test-suite type="TestFixture" name="PsWinDose PSScriptAnalyzer.Standard PSSA Rules" executed="True" result="Success" success="True" time="0.0083" asserts="0" description="PsWinDose PSScriptAnalyzer.Standard PSSA Rules">
                <results>
                  <test-case description="Should pass PSAvoidSemicolonsAsLineTerminators" name="PsWinDose PSScriptAnalyzer.Standard PSSA Rules.Should pass PSAvoidSemicolonsAsLineTerminators" time="0.004" asserts="0" success="True" result="Success" executed="True" />
                </results>
              </test-suite>
            </results>
          </test-suite>
          <test-suite type="TestFixture" name="PsWinDose PSScriptAnalyzer" executed="True" result="Success" success="True" time="0.2757" asserts="0" description="PsWinDose PSScriptAnalyzer">
            <results>
              <test-suite type="TestFixture" name="PsWinDose PSScriptAnalyzer.Standard PSSA Rules" executed="True" result="Success" success="True" time="0.0124" asserts="0" description="PsWinDose PSScriptAnalyzer.Standard PSSA Rules">
                <results>
                  <test-case description="Should pass PSAvoidShouldContinueWithoutForce" name="PsWinDose PSScriptAnalyzer.Standard PSSA Rules.Should pass PSAvoidShouldContinueWithoutForce" time="0.0051" asserts="0" success="True" result="Success" executed="True" />
                </results>
              </test-suite>
            </results>
          </test-suite>
          <test-suite type="TestFixture" name="PsWinDose PSScriptAnalyzer" executed="True" result="Success" success="True" time="0.2882" asserts="0" description="PsWinDose PSScriptAnalyzer">
            <results>
              <test-suite type="TestFixture" name="PsWinDose PSScriptAnalyzer.Standard PSSA Rules" executed="True" result="Success" success="True" time="0.0081" asserts="0" description="PsWinDose PSScriptAnalyzer.Standard PSSA Rules">
                <results>
                  <test-case description="Should pass PSAvoidTrailingWhitespace" name="PsWinDose PSScriptAnalyzer.Standard PSSA Rules.Should pass PSAvoidTrailingWhitespace" time="0.0046" asserts="0" success="True" result="Success" executed="True" />
                </results>
              </test-suite>
            </results>
          </test-suite>
          <test-suite type="TestFixture" name="PsWinDose PSScriptAnalyzer" executed="True" result="Success" success="True" time="0.3043" asserts="0" description="PsWinDose PSScriptAnalyzer">
            <results>
              <test-suite type="TestFixture" name="PsWinDose PSScriptAnalyzer.Standard PSSA Rules" executed="True" result="Success" success="True" time="0.0126" asserts="0" description="PsWinDose PSScriptAnalyzer.Standard PSSA Rules">
                <results>
                  <test-case description="Should pass PSAvoidUsingUsernameAndPasswordParams" name="PsWinDose PSScriptAnalyzer.Standard PSSA Rules.Should pass PSAvoidUsingUsernameAndPasswordParams" time="0.0046" asserts="0" success="True" result="Success" executed="True" />
                </results>
              </test-suite>
            </results>
          </test-suite>
          <test-suite type="TestFixture" name="PsWinDose PSScriptAnalyzer" executed="True" result="Success" success="True" time="0.3158" asserts="0" description="PsWinDose PSScriptAnalyzer">
            <results>
              <test-suite type="TestFixture" name="PsWinDose PSScriptAnalyzer.Standard PSSA Rules" executed="True" result="Success" success="True" time="0.0078" asserts="0" description="PsWinDose PSScriptAnalyzer.Standard PSSA Rules">
                <results>
                  <test-case description="Should pass PSAvoidUsingAllowUnencryptedAuthentication" name="PsWinDose PSScriptAnalyzer.Standard PSSA Rules.Should pass PSAvoidUsingAllowUnencryptedAuthentication" time="0.0041" asserts="0" success="True" result="Success" executed="True" />
                </results>
              </test-suite>
            </results>
          </test-suite>
          <test-suite type="TestFixture" name="PsWinDose PSScriptAnalyzer" executed="True" result="Success" success="True" time="0.3305" asserts="0" description="PsWinDose PSScriptAnalyzer">
            <results>
              <test-suite type="TestFixture" name="PsWinDose PSScriptAnalyzer.Standard PSSA Rules" executed="True" result="Success" success="True" time="0.0076" asserts="0" description="PsWinDose PSScriptAnalyzer.Standard PSSA Rules">
                <results>
                  <test-case description="Should pass PSAvoidUsingBrokenHashAlgorithms" name="PsWinDose PSScriptAnalyzer.Standard PSSA Rules.Should pass PSAvoidUsingBrokenHashAlgorithms" time="0.0037" asserts="0" success="True" result="Success" executed="True" />
                </results>
              </test-suite>
            </results>
          </test-suite>
          <test-suite type="TestFixture" name="PsWinDose PSScriptAnalyzer" executed="True" result="Success" success="True" time="0.3415" asserts="0" description="PsWinDose PSScriptAnalyzer">
            <results>
              <test-suite type="TestFixture" name="PsWinDose PSScriptAnalyzer.Standard PSSA Rules" executed="True" result="Success" success="True" time="0.0076" asserts="0" description="PsWinDose PSScriptAnalyzer.Standard PSSA Rules">
                <results>
                  <test-case description="Should pass PSAvoidUsingComputerNameHardcoded" name="PsWinDose PSScriptAnalyzer.Standard PSSA Rules.Should pass PSAvoidUsingComputerNameHardcoded" time="0.0037" asserts="0" success="True" result="Success" executed="True" />
                </results>
              </test-suite>
            </results>
          </test-suite>
          <test-suite type="TestFixture" name="PsWinDose PSScriptAnalyzer" executed="True" result="Success" success="True" time="0.3534" asserts="0" description="PsWinDose PSScriptAnalyzer">
            <results>
              <test-suite type="TestFixture" name="PsWinDose PSScriptAnalyzer.Standard PSSA Rules" executed="True" result="Success" success="True" time="0.0089" asserts="0" description="PsWinDose PSScriptAnalyzer.Standard PSSA Rules">
                <results>
                  <test-case description="Should pass PSAvoidUsingConvertToSecureStringWithPlainText" name="PsWinDose PSScriptAnalyzer.Standard PSSA Rules.Should pass PSAvoidUsingConvertToSecureStringWithPlainText" time="0.0056" asserts="0" success="True" result="Success" executed="True" />
                </results>
              </test-suite>
            </results>
          </test-suite>
          <test-suite type="TestFixture" name="PsWinDose PSScriptAnalyzer" executed="True" result="Success" success="True" time="0.3683" asserts="0" description="PsWinDose PSScriptAnalyzer">
            <results>
              <test-suite type="TestFixture" name="PsWinDose PSScriptAnalyzer.Standard PSSA Rules" executed="True" result="Success" success="True" time="0.0088" asserts="0" description="PsWinDose PSScriptAnalyzer.Standard PSSA Rules">
                <results>
                  <test-case description="Should pass PSAvoidUsingDeprecatedManifestFields" name="PsWinDose PSScriptAnalyzer.Standard PSSA Rules.Should pass PSAvoidUsingDeprecatedManifestFields" time="0.004" asserts="0" success="True" result="Success" executed="True" />
                </results>
              </test-suite>
            </results>
          </test-suite>
          <test-suite type="TestFixture" name="PsWinDose PSScriptAnalyzer" executed="True" result="Success" success="True" time="0.3798" asserts="0" description="PsWinDose PSScriptAnalyzer">
            <results>
              <test-suite type="TestFixture" name="PsWinDose PSScriptAnalyzer.Standard PSSA Rules" executed="True" result="Success" success="True" time="0.0074" asserts="0" description="PsWinDose PSScriptAnalyzer.Standard PSSA Rules">
                <results>
                  <test-case description="Should pass PSAvoidUsingDoubleQuotesForConstantString" name="PsWinDose PSScriptAnalyzer.Standard PSSA Rules.Should pass PSAvoidUsingDoubleQuotesForConstantString" time="0.004" asserts="0" success="True" result="Success" executed="True" />
                </results>
              </test-suite>
            </results>
          </test-suite>
          <test-suite type="TestFixture" name="PsWinDose PSScriptAnalyzer" executed="True" result="Success" success="True" time="0.3943" asserts="0" description="PsWinDose PSScriptAnalyzer">
            <results>
              <test-suite type="TestFixture" name="PsWinDose PSScriptAnalyzer.Standard PSSA Rules" executed="True" result="Success" success="True" time="0.0111" asserts="0" description="PsWinDose PSScriptAnalyzer.Standard PSSA Rules">
                <results>
                  <test-case description="Should pass PSAvoidUsingInvokeExpression" name="PsWinDose PSScriptAnalyzer.Standard PSSA Rules.Should pass PSAvoidUsingInvokeExpression" time="0.0043" asserts="0" success="True" result="Success" executed="True" />
                </results>
              </test-suite>
            </results>
          </test-suite>
          <test-suite type="TestFixture" name="PsWinDose PSScriptAnalyzer" executed="True" result="Success" success="True" time="0.4068" asserts="0" description="PsWinDose PSScriptAnalyzer">
            <results>
              <test-suite type="TestFixture" name="PsWinDose PSScriptAnalyzer.Standard PSSA Rules" executed="True" result="Success" success="True" time="0.0079" asserts="0" description="PsWinDose PSScriptAnalyzer.Standard PSSA Rules">
                <results>
                  <test-case description="Should pass PSAvoidUsingPlainTextForPassword" name="PsWinDose PSScriptAnalyzer.Standard PSSA Rules.Should pass PSAvoidUsingPlainTextForPassword" time="0.0042" asserts="0" success="True" result="Success" executed="True" />
                </results>
              </test-suite>
            </results>
          </test-suite>
          <test-suite type="TestFixture" name="PsWinDose PSScriptAnalyzer" executed="True" result="Success" success="True" time="0.4217" asserts="0" description="PsWinDose PSScriptAnalyzer">
            <results>
              <test-suite type="TestFixture" name="PsWinDose PSScriptAnalyzer.Standard PSSA Rules" executed="True" result="Success" success="True" time="0.0119" asserts="0" description="PsWinDose PSScriptAnalyzer.Standard PSSA Rules">
                <results>
                  <test-case description="Should pass PSAvoidUsingWMICmdlet" name="PsWinDose PSScriptAnalyzer.Standard PSSA Rules.Should pass PSAvoidUsingWMICmdlet" time="0.0084" asserts="0" success="True" result="Success" executed="True" />
                </results>
              </test-suite>
            </results>
          </test-suite>
          <test-suite type="TestFixture" name="PsWinDose PSScriptAnalyzer" executed="True" result="Success" success="True" time="0.4335" asserts="0" description="PsWinDose PSScriptAnalyzer">
            <results>
              <test-suite type="TestFixture" name="PsWinDose PSScriptAnalyzer.Standard PSSA Rules" executed="True" result="Success" success="True" time="0.0084" asserts="0" description="PsWinDose PSScriptAnalyzer.Standard PSSA Rules">
                <results>
                  <test-case description="Should pass PSAvoidUsingWriteHost" name="PsWinDose PSScriptAnalyzer.Standard PSSA Rules.Should pass PSAvoidUsingWriteHost" time="0.0042" asserts="0" success="True" result="Success" executed="True" />
                </results>
              </test-suite>
            </results>
          </test-suite>
[...]
                <results>
                  <test-case description="Should pass PSUseCmdletCorrectly" name="PsWinDose PSScriptAnalyzer.Standard PSSA Rules.Should pass PSUseCmdletCorrectly" time="0.0042" asserts="0" success="True" result="Success" executed="True" />
                </results>
              </test-suite>
            </results>
          </test-suite>
          <test-suite type="TestFixture" name="PsWinDose PSScriptAnalyzer" executed="True" result="Success" success="True" time="0.7087" asserts="0" description="PsWinDose PSScriptAnalyzer">
            <results>
              <test-suite type="TestFixture" name="PsWinDose PSScriptAnalyzer.Standard PSSA Rules" executed="True" result="Success" success="True" time="0.0567" asserts="0" description="PsWinDose PSScriptAnalyzer.Standard PSSA Rules">
                <results>
                  <test-case description="Should pass PSUseCompatibleCmdlets" name="PsWinDose PSScriptAnalyzer.Standard PSSA Rules.Should pass PSUseCompatibleCmdlets" time="0.0041" asserts="0" success="True" result="Success" executed="True" />
                </results>
              </test-suite>
            </results>
          </test-suite>
          <test-suite type="TestFixture" name="PsWinDose PSScriptAnalyzer" executed="True" result="Success" success="True" time="0.726" asserts="0" description="PsWinDose PSScriptAnalyzer">
            <results>
              <test-suite type="TestFixture" name="PsWinDose PSScriptAnalyzer.Standard PSSA Rules" executed="True" result="Success" success="True" time="0.0135" asserts="0" description="PsWinDose PSScriptAnalyzer.Standard PSSA Rules">
                <results>
                  <test-case description="Should pass PSUseConsistentIndentation" name="PsWinDose PSScriptAnalyzer.Standard PSSA Rules.Should pass PSUseConsistentIndentation" time="0.0074" asserts="0" success="True" result="Success" executed="True" />
                </results>
              </test-suite>
            </results>
          </test-suite>
          <test-suite type="TestFixture" name="PsWinDose PSScriptAnalyzer" executed="True" result="Success" success="True" time="0.741" asserts="0" description="PsWinDose PSScriptAnalyzer">
            <results>
              <test-suite type="TestFixture" name="PsWinDose PSScriptAnalyzer.Standard PSSA Rules" executed="True" result="Success" success="True" time="0.0082" asserts="0" description="PsWinDose PSScriptAnalyzer.Standard PSSA Rules">
                <results>
                  <test-case description="Should pass PSUseConsistentWhitespace" name="PsWinDose PSScriptAnalyzer.Standard PSSA Rules.Should pass PSUseConsistentWhitespace" time="0.005" asserts="0" success="True" result="Success" executed="True" />
                </results>
              </test-suite>
            </results>
          </test-suite>
          <test-suite type="TestFixture" name="PsWinDose PSScriptAnalyzer" executed="True" result="Success" success="True" time="0.754" asserts="0" description="PsWinDose PSScriptAnalyzer">
            <results>
              <test-suite type="TestFixture" name="PsWinDose PSScriptAnalyzer.Standard PSSA Rules" executed="True" result="Success" success="True" time="0.0089" asserts="0" description="PsWinDose PSScriptAnalyzer.Standard PSSA Rules">
                <results>
                  <test-case description="Should pass PSUseCorrectCasing" name="PsWinDose PSScriptAnalyzer.Standard PSSA Rules.Should pass PSUseCorrectCasing" time="0.0051" asserts="0" success="True" result="Success" executed="True" />
                </results>
              </test-suite>
            </results>
          </test-suite>
          <test-suite type="TestFixture" name="PsWinDose PSScriptAnalyzer" executed="True" result="Success" success="True" time="0.7676" asserts="0" description="PsWinDose PSScriptAnalyzer">
            <results>
              <test-suite type="TestFixture" name="PsWinDose PSScriptAnalyzer.Standard PSSA Rules" executed="True" result="Success" success="True" time="0.0072" asserts="0" description="PsWinDose PSScriptAnalyzer.Standard PSSA Rules">
                <results>
                  <test-case description="Should pass PSUseDeclaredVarsMoreThanAssignments" name="PsWinDose PSScriptAnalyzer.Standard PSSA Rules.Should pass PSUseDeclaredVarsMoreThanAssignments" time="0.0038" asserts="0" success="True" result="Success" executed="True" />
                </results>
              </test-suite>
            </results>
          </test-suite>
          <test-suite type="TestFixture" name="PsWinDose PSScriptAnalyzer" executed="True" result="Success" success="True" time="0.7784" asserts="0" description="PsWinDose PSScriptAnalyzer">
            <results>
              <test-suite type="TestFixture" name="PsWinDose PSScriptAnalyzer.Standard PSSA Rules" executed="True" result="Success" success="True" time="0.0068" asserts="0" description="PsWinDose PSScriptAnalyzer.Standard PSSA Rules">
                <results>
                  <test-case description="Should pass PSUseLiteralInitializerForHashtable" name="PsWinDose PSScriptAnalyzer.Standard PSSA Rules.Should pass PSUseLiteralInitializerForHashtable" time="0.0033" asserts="0" success="True" result="Success" executed="True" />
                </results>
              </test-suite>
            </results>
          </test-suite>
          <test-suite type="TestFixture" name="PsWinDose PSScriptAnalyzer" executed="True" result="Success" success="True" time="0.7894" asserts="0" description="PsWinDose PSScriptAnalyzer">
            <results>
              <test-suite type="TestFixture" name="PsWinDose PSScriptAnalyzer.Standard PSSA Rules" executed="True" result="Success" success="True" time="0.0077" asserts="0" description="PsWinDose PSScriptAnalyzer.Standard PSSA Rules">
                <results>
                  <test-case description="Should pass PSUseOutputTypeCorrectly" name="PsWinDose PSScriptAnalyzer.Standard PSSA Rules.Should pass PSUseOutputTypeCorrectly" time="0.0039" asserts="0" success="True" result="Success" executed="True" />
                </results>
              </test-suite>
            </results>
          </test-suite>
          <test-suite type="TestFixture" name="PsWinDose PSScriptAnalyzer" executed="True" result="Success" success="True" time="0.8043" asserts="0" description="PsWinDose PSScriptAnalyzer">
            <results>
              <test-suite type="TestFixture" name="PsWinDose PSScriptAnalyzer.Standard PSSA Rules" executed="True" result="Success" success="True" time="0.0091" asserts="0" description="PsWinDose PSScriptAnalyzer.Standard PSSA Rules">
                <results>
                  <test-case description="Should pass PSUseProcessBlockForPipelineCommand" name="PsWinDose PSScriptAnalyzer.Standard PSSA Rules.Should pass PSUseProcessBlockForPipelineCommand" time="0.0048" asserts="0" success="True" result="Success" executed="True" />
                </results>
              </test-suite>
            </results>
          </test-suite>
          <test-suite type="TestFixture" name="PsWinDose PSScriptAnalyzer" executed="True" result="Success" success="True" time="0.8163" asserts="0" description="PsWinDose PSScriptAnalyzer">
            <results>
              <test-suite type="TestFixture" name="PsWinDose PSScriptAnalyzer.Standard PSSA Rules" executed="True" result="Success" success="True" time="0.0078" asserts="0" description="PsWinDose PSScriptAnalyzer.Standard PSSA Rules">
                <results>
                  <test-case description="Should pass PSUsePSCredentialType" name="PsWinDose PSScriptAnalyzer.Standard PSSA Rules.Should pass PSUsePSCredentialType" time="0.0043" asserts="0" success="True" result="Success" executed="True" />
                </results>
              </test-suite>
            </results>
          </test-suite>
          <test-suite type="TestFixture" name="PsWinDose PSScriptAnalyzer" executed="True" result="Success" success="True" time="0.8297" asserts="0" description="PsWinDose PSScriptAnalyzer">
            <results>
              <test-suite type="TestFixture" name="PsWinDose PSScriptAnalyzer.Standard PSSA Rules" executed="True" result="Success" success="True" time="0.0098" asserts="0" description="PsWinDose PSScriptAnalyzer.Standard PSSA Rules">
                <results>
                  <test-case description="Should pass PSShouldProcess" name="PsWinDose PSScriptAnalyzer.Standard PSSA Rules.Should pass PSShouldProcess" time="0.0038" asserts="0" success="True" result="Success" executed="True" />
                </results>
              </test-suite>
            </results>
          </test-suite>
          <test-suite type="TestFixture" name="PsWinDose PSScriptAnalyzer" executed="True" result="Success" success="True" time="0.8413" asserts="0" description="PsWinDose PSScriptAnalyzer">
            <results>
              <test-suite type="TestFixture" name="PsWinDose PSScriptAnalyzer.Standard PSSA Rules" executed="True" result="Success" success="True" time="0.0079" asserts="0" description="PsWinDose PSScriptAnalyzer.Standard PSSA Rules">
                <results>
                  <test-case description="Should pass PSUseShouldProcessForStateChangingFunctions" name="PsWinDose PSScriptAnalyzer.Standard PSSA Rules.Should pass PSUseShouldProcessForStateChangingFunctions" time="0.0036" asserts="0" success="True" result="Success" executed="True" />
                </results>
              </test-suite>
            </results>
          </test-suite>
          <test-suite type="TestFixture" name="PsWinDose PSScriptAnalyzer" executed="True" result="Success" success="True" time="0.8561" asserts="0" description="PsWinDose PSScriptAnalyzer">
            <results>
              <test-suite type="TestFixture" name="PsWinDose PSScriptAnalyzer.Standard PSSA Rules" executed="True" result="Success" success="True" time="0.0116" asserts="0" description="PsWinDose PSScriptAnalyzer.Standard PSSA Rules">
                <results>
                  <test-case description="Should pass PSUseSingularNouns" name="PsWinDose PSScriptAnalyzer.Standard PSSA Rules.Should pass PSUseSingularNouns" time="0.0079" asserts="0" success="True" result="Success" executed="True" />
                </results>
              </test-suite>
            </results>
          </test-suite>
          <test-suite type="TestFixture" name="PsWinDose PSScriptAnalyzer" executed="True" result="Success" success="True" time="0.8673" asserts="0" description="PsWinDose PSScriptAnalyzer">
            <results>
              <test-suite type="TestFixture" name="PsWinDose PSScriptAnalyzer.Standard PSSA Rules" executed="True" result="Success" success="True" time="0.0079" asserts="0" description="PsWinDose PSScriptAnalyzer.Standard PSSA Rules">
                <results>
                  <test-case description="Should pass PSUseSupportsShouldProcess" name="PsWinDose PSScriptAnalyzer.Standard PSSA Rules.Should pass PSUseSupportsShouldProcess" time="0.0039" asserts="0" success="True" result="Success" executed="True" />
                </results>
              </test-suite>
            </results>
          </test-suite>
          <test-suite type="TestFixture" name="PsWinDose PSScriptAnalyzer" executed="True" result="Success" success="True" time="0.8908" asserts="0" description="PsWinDose PSScriptAnalyzer">
            <results>
              <test-suite type="TestFixture" name="PsWinDose PSScriptAnalyzer.Standard PSSA Rules" executed="True" result="Success" success="True" time="0.0204" asserts="0" description="PsWinDose PSScriptAnalyzer.Standard PSSA Rules">
                <results>
                  <test-case description="Should pass PSUseToExportFieldsInManifest" name="PsWinDose PSScriptAnalyzer.Standard PSSA Rules.Should pass PSUseToExportFieldsInManifest" time="0.0169" asserts="0" success="True" result="Success" executed="True" />
                </results>
              </test-suite>
            </results>
          </test-suite>
          <test-suite type="TestFixture" name="PsWinDose PSScriptAnalyzer" executed="True" result="Success" success="True" time="0.9048" asserts="0" description="PsWinDose PSScriptAnalyzer">
            <results>
              <test-suite type="TestFixture" name="PsWinDose PSScriptAnalyzer.Standard PSSA Rules" executed="True" result="Success" success="True" time="0.0107" asserts="0" description="PsWinDose PSScriptAnalyzer.Standard PSSA Rules">
                <results>
                  <test-case description="Should pass PSUseUsingScopeModifierInNewRunspaces" name="PsWinDose PSScriptAnalyzer.Standard PSSA Rules.Should pass PSUseUsingScopeModifierInNewRunspaces" time="0.0071" asserts="0" success="True" result="Success" executed="True" />
                </results>
              </test-suite>
            </results>
          </test-suite>
          <test-suite type="TestFixture" name="PsWinDose PSScriptAnalyzer" executed="True" result="Success" success="True" time="0.9176" asserts="0" description="PsWinDose PSScriptAnalyzer">
            <results>
              <test-suite type="TestFixture" name="PsWinDose PSScriptAnalyzer.Standard PSSA Rules" executed="True" result="Success" success="True" time="0.0093" asserts="0" description="PsWinDose PSScriptAnalyzer.Standard PSSA Rules">
                <results>
                  <test-case description="Should pass PSUseUTF8EncodingForHelpFile" name="PsWinDose PSScriptAnalyzer.Standard PSSA Rules.Should pass PSUseUTF8EncodingForHelpFile" time="0.0056" asserts="0" success="True" result="Success" executed="True" />
                </results>
              </test-suite>
            </results>
          </test-suite>
          <test-suite type="TestFixture" name="PsWinDose PSScriptAnalyzer" executed="True" result="Success" success="True" time="0.9308" asserts="0" description="PsWinDose PSScriptAnalyzer">
            <results>
              <test-suite type="TestFixture" name="PsWinDose PSScriptAnalyzer.Standard PSSA Rules" executed="True" result="Success" success="True" time="0.0097" asserts="0" description="PsWinDose PSScriptAnalyzer.Standard PSSA Rules">
                <results>
                  <test-case description="Should pass PSDSCDscExamplesPresent" name="PsWinDose PSScriptAnalyzer.Standard PSSA Rules.Should pass PSDSCDscExamplesPresent" time="0.0037" asserts="0" success="True" result="Success" executed="True" />
                </results>
              </test-suite>
            </results>
          </test-suite>
          <test-suite type="TestFixture" name="PsWinDose PSScriptAnalyzer" executed="True" result="Success" success="True" time="0.9416" asserts="0" description="PsWinDose PSScriptAnalyzer">
            <results>
              <test-suite type="TestFixture" name="PsWinDose PSScriptAnalyzer.Standard PSSA Rules" executed="True" result="Success" success="True" time="0.007" asserts="0" description="PsWinDose PSScriptAnalyzer.Standard PSSA Rules">
                <results>
                  <test-case description="Should pass PSDSCDscTestsPresent" name="PsWinDose PSScriptAnalyzer.Standard PSSA Rules.Should pass PSDSCDscTestsPresent" time="0.0038" asserts="0" success="True" result="Success" executed="True" />
                </results>
              </test-suite>
            </results>
          </test-suite>
          <test-suite type="TestFixture" name="PsWinDose PSScriptAnalyzer" executed="True" result="Success" success="True" time="0.957" asserts="0" description="PsWinDose PSScriptAnalyzer">
            <results>
              <test-suite type="TestFixture" name="PsWinDose PSScriptAnalyzer.Standard PSSA Rules" executed="True" result="Success" success="True" time="0.0113" asserts="0" description="PsWinDose PSScriptAnalyzer.Standard PSSA Rules">
                <results>
                  <test-case description="Should pass PSDSCReturnCorrectTypesForDSCFunctions" name="PsWinDose PSScriptAnalyzer.Standard PSSA Rules.Should pass PSDSCReturnCorrectTypesForDSCFunctions" time="0.0045" asserts="0" success="True" result="Success" executed="True" />
                </results>
              </test-suite>
            </results>
          </test-suite>
          <test-suite type="TestFixture" name="PsWinDose PSScriptAnalyzer" executed="True" result="Success" success="True" time="0.9688" asserts="0" description="PsWinDose PSScriptAnalyzer">
            <results>
              <test-suite type="TestFixture" name="PsWinDose PSScriptAnalyzer.Standard PSSA Rules" executed="True" result="Success" success="True" time="0.0085" asserts="0" description="PsWinDose PSScriptAnalyzer.Standard PSSA Rules">
                <results>
                  <test-case description="Should pass PSDSCUseIdenticalMandatoryParametersForDSC" name="PsWinDose PSScriptAnalyzer.Standard PSSA Rules.Should pass PSDSCUseIdenticalMandatoryParametersForDSC" time="0.0046" asserts="0" success="True" result="Success" executed="True" />
                </results>
              </test-suite>
            </results>
          </test-suite>
          <test-suite type="TestFixture" name="PsWinDose PSScriptAnalyzer" executed="True" result="Success" success="True" time="0.9824" asserts="0" description="PsWinDose PSScriptAnalyzer">
            <results>
              <test-suite type="TestFixture" name="PsWinDose PSScriptAnalyzer.Standard PSSA Rules" executed="True" result="Success" success="True" time="0.007" asserts="0" description="PsWinDose PSScriptAnalyzer.Standard PSSA Rules">
                <results>
                  <test-case description="Should pass PSDSCUseIdenticalParametersForDSC" name="PsWinDose PSScriptAnalyzer.Standard PSSA Rules.Should pass PSDSCUseIdenticalParametersForDSC" time="0.0038" asserts="0" success="True" result="Success" executed="True" />
                </results>
              </test-suite>
            </results>
          </test-suite>
          <test-suite type="TestFixture" name="PsWinDose PSScriptAnalyzer" executed="True" result="Success" success="True" time="0.9935" asserts="0" description="PsWinDose PSScriptAnalyzer">
            <results>
              <test-suite type="TestFixture" name="PsWinDose PSScriptAnalyzer.Standard PSSA Rules" executed="True" result="Success" success="True" time="0.0078" asserts="0" description="PsWinDose PSScriptAnalyzer.Standard PSSA Rules">
                <results>
                  <test-case description="Should pass PSDSCStandardDSCFunctionsInResource" name="PsWinDose PSScriptAnalyzer.Standard PSSA Rules.Should pass PSDSCStandardDSCFunctionsInResource" time="0.0046" asserts="0" success="True" result="Success" executed="True" />
                </results>
              </test-suite>
            </results>
          </test-suite>
          <test-suite type="TestFixture" name="PsWinDose PSScriptAnalyzer" executed="True" result="Success" success="True" time="1.006" asserts="0" description="PsWinDose PSScriptAnalyzer">
            <results>
              <test-suite type="TestFixture" name="PsWinDose PSScriptAnalyzer.Standard PSSA Rules" executed="True" result="Success" success="True" time="0.0092" asserts="0" description="PsWinDose PSScriptAnalyzer.Standard PSSA Rules">
                <results>
                  <test-case description="Should pass PSDSCUseVerboseMessageInDSCResource" name="PsWinDose PSScriptAnalyzer.Standard PSSA Rules.Should pass PSDSCUseVerboseMessageInDSCResource" time="0.0053" asserts="0" success="True" result="Success" executed="True" />
                </results>
              </test-suite>
            </results>
          </test-suite>
        </results>
      </test-suite>
    </results>
  </test-suite>
</test-results>